<?xml version="1.0" encoding="UTF-8"?>
<!-- Generated by org.testng.reporters.JUnitReportReporter -->
<testsuite skipped="0" hostname="LAPTOP-G66AQCG6" name="Selenium1.Abc.JavaScriptExecutorToScroll2" tests="1" failures="0" timestamp="2020-07-02T22:56:52 IST" time="13.933" errors="0">
  <testcase name="scroll" time="13.933" classname="Selenium1.Abc.JavaScriptExecutorToScroll2"/>
</testsuite> <!-- Selenium1.Abc.JavaScriptExecutorToScroll2 -->
